{"uuid":"0537151d-48c5-4d7c-a664-e5a7a94692e0","historyId":"d8e3150801abc48e4628fa210e460a83","fullName":"src/test/resources/Features/15_UserEdit.feature:78","labels":[{"name":"host","value":"Amreens-MacBook-Pro.local"},{"name":"thread","value":"82563@Amreens-MacBook-Pro.local.main(1)"},{"name":"feature","value":"Edit new user"},{"name":"story","value":"Check if the mandatory fields are updated with valid data"},{"name":"suite","value":"Edit new user"},{"name":"testClass","value":"Check if the mandatory fields are updated with valid data"},{"name":"framework","value":"cucumber4jvm"},{"name":"language","value":"java"},{"name":"gherkin_uri","value":"file:///Users/amreennaziasyed/git/Team12_XpathWarriors_LMS_UI_April202/src/test/resources/Features/15_UserEdit.feature"},{"name":"package","value":"src.test.resources.Features.15_UserEdit_feature.Edit new user"}],"links":[],"name":"Check if the mandatory fields are updated with valid data","status":"failed","statusDetails":{"known":false,"muted":false,"flaky":false,"message":"expected [Active] but found []","trace":"java.lang.AssertionError: expected [Active] but found []\n\tat org.testng.Assert.fail(Assert.java:111)\n\tat org.testng.Assert.failNotEquals(Assert.java:1578)\n\tat org.testng.Assert.assertEqualsImpl(Assert.java:150)\n\tat org.testng.Assert.assertEquals(Assert.java:132)\n\tat org.testng.Assert.assertEquals(Assert.java:656)\n\tat org.testng.Assert.assertEquals(Assert.java:666)\n\tat com.PageObjects.POM_UserEditPage.verifyModifiedValue(POM_UserEditPage.java:320)\n\tat com.StepDefinitions.UserEdit_StepDefination.verify_the_updated_value_for_field_in_edit_page(UserEdit_StepDefination.java:68)\n\tat ✽.verify the updated value for field \"userRoleStatus\" in edit page(file:///Users/amreennaziasyed/git/Team12_XpathWarriors_LMS_UI_April202/src/test/resources/Features/15_UserEdit.feature:70)\n"},"stage":"finished","steps":[{"name":"Given  Admin is in login page","status":"passed","statusDetails":{"known":false,"muted":false,"flaky":false},"stage":"finished","steps":[],"attachments":[],"parameters":[],"start":1714669631909,"stop":1714669631911},{"name":"When  Admin enter valid credentials  and clicks login button","status":"passed","statusDetails":{"known":false,"muted":false,"flaky":false},"stage":"finished","steps":[],"attachments":[],"parameters":[],"start":1714669631911,"stop":1714669632202},{"name":"Then  Admin should land on dashboard page","status":"passed","statusDetails":{"known":false,"muted":false,"flaky":false},"stage":"finished","steps":[],"attachments":[],"parameters":[],"start":1714669632202,"stop":1714669632742},{"name":"Then  Admin clicks User on the navigation bar","status":"passed","statusDetails":{"known":false,"muted":false,"flaky":false},"stage":"finished","steps":[],"attachments":[],"parameters":[],"start":1714669632742,"stop":1714669632881},{"name":"Given  Admin is on the User details pop up","status":"passed","statusDetails":{"known":false,"muted":false,"flaky":false},"stage":"finished","steps":[],"attachments":[],"parameters":[],"start":1714669632881,"stop":1714669634117},{"name":"When  Update the mandatory fields \"userRoleStatus\" with valid values and click submit","status":"passed","statusDetails":{"known":false,"muted":false,"flaky":false},"stage":"finished","steps":[],"attachments":[],"parameters":[],"start":1714669634118,"stop":1714669634521},{"name":"Then  Admin gets message \"User Updated Successfully\"","status":"passed","statusDetails":{"known":false,"muted":false,"flaky":false},"stage":"finished","steps":[],"attachments":[],"parameters":[],"start":1714669634521,"stop":1714669635058},{"name":"Then  verify the updated value for field \"userRoleStatus\" in edit page","status":"failed","statusDetails":{"known":false,"muted":false,"flaky":false,"message":"expected [Active] but found []","trace":"java.lang.AssertionError: expected [Active] but found []\n\tat org.testng.Assert.fail(Assert.java:111)\n\tat org.testng.Assert.failNotEquals(Assert.java:1578)\n\tat org.testng.Assert.assertEqualsImpl(Assert.java:150)\n\tat org.testng.Assert.assertEquals(Assert.java:132)\n\tat org.testng.Assert.assertEquals(Assert.java:656)\n\tat org.testng.Assert.assertEquals(Assert.java:666)\n\tat com.PageObjects.POM_UserEditPage.verifyModifiedValue(POM_UserEditPage.java:320)\n\tat com.StepDefinitions.UserEdit_StepDefination.verify_the_updated_value_for_field_in_edit_page(UserEdit_StepDefination.java:68)\n\tat ✽.verify the updated value for field \"userRoleStatus\" in edit page(file:///Users/amreennaziasyed/git/Team12_XpathWarriors_LMS_UI_April202/src/test/resources/Features/15_UserEdit.feature:70)\n"},"stage":"finished","steps":[],"attachments":[],"parameters":[],"start":1714669635060,"stop":1714669635230}],"attachments":[],"parameters":[{"name":"field_name","value":"userRoleStatus"}],"start":1714669630758,"stop":1714669635493}