{"uuid":"0805ce20-4523-4758-b0e8-58d615354fd2","historyId":"30da4bad63d6a771c78645a26faab848","fullName":"src/test/resources/Features/15_UserEdit.feature:94","labels":[{"name":"host","value":"Amreens-MacBook-Pro.local"},{"name":"thread","value":"82563@Amreens-MacBook-Pro.local.TestNG-PoolService-6(23)"},{"name":"feature","value":"Edit new user"},{"name":"story","value":"Check if the optional fields are updated with valid data"},{"name":"suite","value":"Edit new user"},{"name":"testClass","value":"Check if the optional fields are updated with valid data"},{"name":"framework","value":"cucumber4jvm"},{"name":"language","value":"java"},{"name":"gherkin_uri","value":"file:///Users/amreennaziasyed/git/Team12_XpathWarriors_LMS_UI_April202/src/test/resources/Features/15_UserEdit.feature"},{"name":"package","value":"src.test.resources.Features.15_UserEdit_feature.Edit new user"}],"links":[],"name":"Check if the optional fields are updated with valid data","status":"failed","statusDetails":{"known":false,"muted":false,"flaky":false,"message":"expected [Electronics] but found [yes]","trace":"java.lang.AssertionError: expected [Electronics] but found [yes]\n\tat org.testng.Assert.fail(Assert.java:111)\n\tat org.testng.Assert.failNotEquals(Assert.java:1578)\n\tat org.testng.Assert.assertEqualsImpl(Assert.java:150)\n\tat org.testng.Assert.assertEquals(Assert.java:132)\n\tat org.testng.Assert.assertEquals(Assert.java:656)\n\tat org.testng.Assert.assertEquals(Assert.java:666)\n\tat com.PageObjects.POM_UserEditPage.verifyModifiedValue(POM_UserEditPage.java:313)\n\tat com.StepDefinitions.UserEdit_StepDefination.verify_the_updated_value_for_field_in_edit_page(UserEdit_StepDefination.java:68)\n\tat ✽.verify the updated value for field \"underGraduate\" in edit page(file:///Users/amreennaziasyed/git/Team12_XpathWarriors_LMS_UI_April202/src/test/resources/Features/15_UserEdit.feature:87)\n"},"stage":"finished","steps":[{"name":"Given  Admin is in login page","status":"passed","statusDetails":{"known":false,"muted":false,"flaky":false},"stage":"finished","steps":[],"attachments":[],"parameters":[],"start":1714669251441,"stop":1714669251459},{"name":"When  Admin enter valid credentials  and clicks login button","status":"passed","statusDetails":{"known":false,"muted":false,"flaky":false},"stage":"finished","steps":[],"attachments":[],"parameters":[],"start":1714669251459,"stop":1714669252847},{"name":"Then  Admin should land on dashboard page","status":"passed","statusDetails":{"known":false,"muted":false,"flaky":false},"stage":"finished","steps":[],"attachments":[],"parameters":[],"start":1714669252847,"stop":1714669253590},{"name":"Then  Admin clicks User on the navigation bar","status":"passed","statusDetails":{"known":false,"muted":false,"flaky":false},"stage":"finished","steps":[],"attachments":[],"parameters":[],"start":1714669253591,"stop":1714669253865},{"name":"Given  Admin is on the User details pop up","status":"passed","statusDetails":{"known":false,"muted":false,"flaky":false},"stage":"finished","steps":[],"attachments":[],"parameters":[],"start":1714669253865,"stop":1714669256042},{"name":"When  Update the optional fields \"underGraduate\" with valid values and click submit","status":"passed","statusDetails":{"known":false,"muted":false,"flaky":false},"stage":"finished","steps":[],"attachments":[],"parameters":[],"start":1714669256043,"stop":1714669257105},{"name":"Then  Admin gets message \"User Updated Successfully\"","status":"passed","statusDetails":{"known":false,"muted":false,"flaky":false},"stage":"finished","steps":[],"attachments":[],"parameters":[],"start":1714669257106,"stop":1714669257267},{"name":"Then  verify the updated value for field \"underGraduate\" in edit page","status":"failed","statusDetails":{"known":false,"muted":false,"flaky":false,"message":"expected [Electronics] but found [yes]","trace":"java.lang.AssertionError: expected [Electronics] but found [yes]\n\tat org.testng.Assert.fail(Assert.java:111)\n\tat org.testng.Assert.failNotEquals(Assert.java:1578)\n\tat org.testng.Assert.assertEqualsImpl(Assert.java:150)\n\tat org.testng.Assert.assertEquals(Assert.java:132)\n\tat org.testng.Assert.assertEquals(Assert.java:656)\n\tat org.testng.Assert.assertEquals(Assert.java:666)\n\tat com.PageObjects.POM_UserEditPage.verifyModifiedValue(POM_UserEditPage.java:313)\n\tat com.StepDefinitions.UserEdit_StepDefination.verify_the_updated_value_for_field_in_edit_page(UserEdit_StepDefination.java:68)\n\tat ✽.verify the updated value for field \"underGraduate\" in edit page(file:///Users/amreennaziasyed/git/Team12_XpathWarriors_LMS_UI_April202/src/test/resources/Features/15_UserEdit.feature:87)\n"},"stage":"finished","steps":[],"attachments":[],"parameters":[],"start":1714669257267,"stop":1714669257643}],"attachments":[],"parameters":[{"name":"field_name","value":"underGraduate"}],"start":1714669248745,"stop":1714669258332}