{"uuid":"14768eac-3e6c-4bb4-b723-178802a1decc","historyId":"9d6997ab8a812cc9becd6a3de161452e","fullName":"src/test/resources/Features/15_UserEdit.feature:37","labels":[{"name":"tag","value":"edit"},{"name":"host","value":"Amreens-MacBook-Pro.local"},{"name":"thread","value":"82563@Amreens-MacBook-Pro.local.main(1)"},{"name":"feature","value":"Edit new user"},{"name":"story","value":"Check if the fields are updated with valid data"},{"name":"suite","value":"Edit new user"},{"name":"testClass","value":"Check if the fields are updated with valid data"},{"name":"framework","value":"cucumber4jvm"},{"name":"language","value":"java"},{"name":"gherkin_uri","value":"file:///Users/amreennaziasyed/git/Team12_XpathWarriors_LMS_UI_April202/src/test/resources/Features/15_UserEdit.feature"},{"name":"package","value":"src.test.resources.Features.15_UserEdit_feature.Edit new user"}],"links":[],"name":"Check if the fields are updated with valid data","status":"failed","statusDetails":{"known":false,"muted":false,"flaky":false,"message":"expected [R03] but found []","trace":"java.lang.AssertionError: expected [R03] but found []\n\tat org.testng.Assert.fail(Assert.java:111)\n\tat org.testng.Assert.failNotEquals(Assert.java:1578)\n\tat org.testng.Assert.assertEqualsImpl(Assert.java:150)\n\tat org.testng.Assert.assertEquals(Assert.java:132)\n\tat org.testng.Assert.assertEquals(Assert.java:656)\n\tat org.testng.Assert.assertEquals(Assert.java:666)\n\tat com.PageObjects.POM_UserEditPage.verifyModifiedValue(POM_UserEditPage.java:320)\n\tat com.StepDefinitions.UserEdit_StepDefination.verify_the_updated_value_for_field_in_edit_page(UserEdit_StepDefination.java:68)\n\tat ✽.verify the updated value for field \"userRole\" in edit page(file:///Users/amreennaziasyed/git/Team12_XpathWarriors_LMS_UI_April202/src/test/resources/Features/15_UserEdit.feature:23)\n"},"stage":"finished","steps":[{"name":"Given  Admin is in login page","status":"passed","statusDetails":{"known":false,"muted":false,"flaky":false},"stage":"finished","steps":[],"attachments":[],"parameters":[],"start":1714669445495,"stop":1714669445500},{"name":"When  Admin enter valid credentials  and clicks login button","status":"passed","statusDetails":{"known":false,"muted":false,"flaky":false},"stage":"finished","steps":[],"attachments":[],"parameters":[],"start":1714669445500,"stop":1714669445786},{"name":"Then  Admin should land on dashboard page","status":"passed","statusDetails":{"known":false,"muted":false,"flaky":false},"stage":"finished","steps":[],"attachments":[],"parameters":[],"start":1714669445786,"stop":1714669446320},{"name":"Then  Admin clicks User on the navigation bar","status":"passed","statusDetails":{"known":false,"muted":false,"flaky":false},"stage":"finished","steps":[],"attachments":[],"parameters":[],"start":1714669446321,"stop":1714669446457},{"name":"Given  Admin is on the User details pop up","status":"passed","statusDetails":{"known":false,"muted":false,"flaky":false},"stage":"finished","steps":[],"attachments":[],"parameters":[],"start":1714669446457,"stop":1714669447699},{"name":"When  Update the field \"userRole\" with valid data and click submit","status":"passed","statusDetails":{"known":false,"muted":false,"flaky":false},"stage":"finished","steps":[],"attachments":[],"parameters":[],"start":1714669447700,"stop":1714669448105},{"name":"Then  Admin gets message \"User Updated Successfully\"","status":"passed","statusDetails":{"known":false,"muted":false,"flaky":false},"stage":"finished","steps":[],"attachments":[],"parameters":[],"start":1714669448105,"stop":1714669448687},{"name":"Then  verify the updated value for field \"userRole\" in edit page","status":"failed","statusDetails":{"known":false,"muted":false,"flaky":false,"message":"expected [R03] but found []","trace":"java.lang.AssertionError: expected [R03] but found []\n\tat org.testng.Assert.fail(Assert.java:111)\n\tat org.testng.Assert.failNotEquals(Assert.java:1578)\n\tat org.testng.Assert.assertEqualsImpl(Assert.java:150)\n\tat org.testng.Assert.assertEquals(Assert.java:132)\n\tat org.testng.Assert.assertEquals(Assert.java:656)\n\tat org.testng.Assert.assertEquals(Assert.java:666)\n\tat com.PageObjects.POM_UserEditPage.verifyModifiedValue(POM_UserEditPage.java:320)\n\tat com.StepDefinitions.UserEdit_StepDefination.verify_the_updated_value_for_field_in_edit_page(UserEdit_StepDefination.java:68)\n\tat ✽.verify the updated value for field \"userRole\" in edit page(file:///Users/amreennaziasyed/git/Team12_XpathWarriors_LMS_UI_April202/src/test/resources/Features/15_UserEdit.feature:23)\n"},"stage":"finished","steps":[],"attachments":[],"parameters":[],"start":1714669448689,"stop":1714669448912}],"attachments":[],"parameters":[{"name":"field_name","value":"userRole"}],"start":1714669444343,"stop":1714669449236}