{"uuid":"2653061c-b630-41af-bac7-4eb400e1e25d","historyId":"6d40201ffeb289c86afa9104090cd59e","fullName":"src/test/resources/Features/15_UserEdit.feature:93","labels":[{"name":"host","value":"Amreens-MacBook-Pro.local"},{"name":"thread","value":"82563@Amreens-MacBook-Pro.local.TestNG-PoolService-4(21)"},{"name":"feature","value":"Edit new user"},{"name":"story","value":"Check if the optional fields are updated with valid data"},{"name":"suite","value":"Edit new user"},{"name":"testClass","value":"Check if the optional fields are updated with valid data"},{"name":"framework","value":"cucumber4jvm"},{"name":"language","value":"java"},{"name":"gherkin_uri","value":"file:///Users/amreennaziasyed/git/Team12_XpathWarriors_LMS_UI_April202/src/test/resources/Features/15_UserEdit.feature"},{"name":"package","value":"src.test.resources.Features.15_UserEdit_feature.Edit new user"}],"links":[],"name":"Check if the optional fields are updated with valid data","status":"failed","statusDetails":{"known":false,"muted":false,"flaky":false,"message":"expected [pavanitest@gmail.com] but found []","trace":"java.lang.AssertionError: expected [pavanitest@gmail.com] but found []\n\tat org.testng.Assert.fail(Assert.java:111)\n\tat org.testng.Assert.failNotEquals(Assert.java:1578)\n\tat org.testng.Assert.assertEqualsImpl(Assert.java:150)\n\tat org.testng.Assert.assertEquals(Assert.java:132)\n\tat org.testng.Assert.assertEquals(Assert.java:656)\n\tat org.testng.Assert.assertEquals(Assert.java:666)\n\tat com.PageObjects.POM_UserEditPage.verifyModifiedValue(POM_UserEditPage.java:313)\n\tat com.StepDefinitions.UserEdit_StepDefination.verify_the_updated_value_for_field_in_edit_page(UserEdit_StepDefination.java:68)\n\tat ✽.verify the updated value for field \"email\" in edit page(file:///Users/amreennaziasyed/git/Team12_XpathWarriors_LMS_UI_April202/src/test/resources/Features/15_UserEdit.feature:87)\n"},"stage":"finished","steps":[{"name":"Given  Admin is in login page","status":"passed","statusDetails":{"known":false,"muted":false,"flaky":false},"stage":"finished","steps":[],"attachments":[],"parameters":[],"start":1714669248905,"stop":1714669248923},{"name":"When  Admin enter valid credentials  and clicks login button","status":"passed","statusDetails":{"known":false,"muted":false,"flaky":false},"stage":"finished","steps":[],"attachments":[],"parameters":[],"start":1714669248923,"stop":1714669250931},{"name":"Then  Admin should land on dashboard page","status":"passed","statusDetails":{"known":false,"muted":false,"flaky":false},"stage":"finished","steps":[],"attachments":[],"parameters":[],"start":1714669250931,"stop":1714669251550},{"name":"Then  Admin clicks User on the navigation bar","status":"passed","statusDetails":{"known":false,"muted":false,"flaky":false},"stage":"finished","steps":[],"attachments":[],"parameters":[],"start":1714669251550,"stop":1714669251750},{"name":"Given  Admin is on the User details pop up","status":"passed","statusDetails":{"known":false,"muted":false,"flaky":false},"stage":"finished","steps":[],"attachments":[],"parameters":[],"start":1714669251751,"stop":1714669253839},{"name":"When  Update the optional fields \"email\" with valid values and click submit","status":"passed","statusDetails":{"known":false,"muted":false,"flaky":false},"stage":"finished","steps":[],"attachments":[],"parameters":[],"start":1714669253840,"stop":1714669255147},{"name":"Then  Admin gets message \"User Updated Successfully\"","status":"passed","statusDetails":{"known":false,"muted":false,"flaky":false},"stage":"finished","steps":[],"attachments":[],"parameters":[],"start":1714669255149,"stop":1714669255284},{"name":"Then  verify the updated value for field \"email\" in edit page","status":"failed","statusDetails":{"known":false,"muted":false,"flaky":false,"message":"expected [pavanitest@gmail.com] but found []","trace":"java.lang.AssertionError: expected [pavanitest@gmail.com] but found []\n\tat org.testng.Assert.fail(Assert.java:111)\n\tat org.testng.Assert.failNotEquals(Assert.java:1578)\n\tat org.testng.Assert.assertEqualsImpl(Assert.java:150)\n\tat org.testng.Assert.assertEquals(Assert.java:132)\n\tat org.testng.Assert.assertEquals(Assert.java:656)\n\tat org.testng.Assert.assertEquals(Assert.java:666)\n\tat com.PageObjects.POM_UserEditPage.verifyModifiedValue(POM_UserEditPage.java:313)\n\tat com.StepDefinitions.UserEdit_StepDefination.verify_the_updated_value_for_field_in_edit_page(UserEdit_StepDefination.java:68)\n\tat ✽.verify the updated value for field \"email\" in edit page(file:///Users/amreennaziasyed/git/Team12_XpathWarriors_LMS_UI_April202/src/test/resources/Features/15_UserEdit.feature:87)\n"},"stage":"finished","steps":[],"attachments":[],"parameters":[],"start":1714669255284,"stop":1714669255787}],"attachments":[],"parameters":[{"name":"field_name","value":"email"}],"start":1714669246826,"stop":1714669256209}