{"uuid":"2d0cb842-244f-4db5-b08c-38f609fe552d","historyId":"1ecce9c7d4360890f6b908eda83084b3","fullName":"src/test/resources/Features/15_UserEdit.feature:107","labels":[{"name":"host","value":"Amreens-MacBook-Pro.local"},{"name":"thread","value":"82563@Amreens-MacBook-Pro.local.TestNG-PoolService-5(22)"},{"name":"feature","value":"Edit new user"},{"name":"story","value":"Validate invalid values in the text fields"},{"name":"suite","value":"Edit new user"},{"name":"testClass","value":"Validate invalid values in the text fields"},{"name":"framework","value":"cucumber4jvm"},{"name":"language","value":"java"},{"name":"gherkin_uri","value":"file:///Users/amreennaziasyed/git/Team12_XpathWarriors_LMS_UI_April202/src/test/resources/Features/15_UserEdit.feature"},{"name":"package","value":"src.test.resources.Features.15_UserEdit_feature.Edit new user"}],"links":[],"name":"Validate invalid values in the text fields","status":"failed","statusDetails":{"known":false,"muted":false,"flaky":false,"message":"expected [Failed] but found [Successful]","trace":"java.lang.AssertionError: expected [Failed] but found [Successful]\n\tat org.testng.Assert.fail(Assert.java:111)\n\tat org.testng.Assert.failNotEquals(Assert.java:1578)\n\tat org.testng.Assert.assertEqualsImpl(Assert.java:150)\n\tat org.testng.Assert.assertEquals(Assert.java:132)\n\tat org.testng.Assert.assertEquals(Assert.java:656)\n\tat org.testng.Assert.assertEquals(Assert.java:666)\n\tat com.PageObjects.POM_UserEditPage.checkHeaderMsg(POM_UserEditPage.java:301)\n\tat com.StepDefinitions.UserEdit_StepDefination.admin_should_get_message(UserEdit_StepDefination.java:80)\n\tat ✽.Admin should get \"Failed\" message(file:///Users/amreennaziasyed/git/Team12_XpathWarriors_LMS_UI_April202/src/test/resources/Features/15_UserEdit.feature:103)\n"},"stage":"finished","steps":[{"name":"Given  Admin is in login page","status":"passed","statusDetails":{"known":false,"muted":false,"flaky":false},"stage":"finished","steps":[],"attachments":[],"parameters":[],"start":1714669253605,"stop":1714669253635},{"name":"When  Admin enter valid credentials  and clicks login button","status":"passed","statusDetails":{"known":false,"muted":false,"flaky":false},"stage":"finished","steps":[],"attachments":[],"parameters":[],"start":1714669253635,"stop":1714669255432},{"name":"Then  Admin should land on dashboard page","status":"passed","statusDetails":{"known":false,"muted":false,"flaky":false},"stage":"finished","steps":[],"attachments":[],"parameters":[],"start":1714669255432,"stop":1714669256143},{"name":"Then  Admin clicks User on the navigation bar","status":"passed","statusDetails":{"known":false,"muted":false,"flaky":false},"stage":"finished","steps":[],"attachments":[],"parameters":[],"start":1714669256143,"stop":1714669256458},{"name":"Given  Admin is on the User details pop up","status":"passed","statusDetails":{"known":false,"muted":false,"flaky":false},"stage":"finished","steps":[],"attachments":[],"parameters":[],"start":1714669256458,"stop":1714669258304},{"name":"When  Admin enters only numbers or special char in the text fields \"middleName\" and click submit","status":"passed","statusDetails":{"known":false,"muted":false,"flaky":false},"stage":"finished","steps":[],"attachments":[],"parameters":[],"start":1714669258304,"stop":1714669259472},{"name":"Then  Admin should get \"Failed\" message","status":"failed","statusDetails":{"known":false,"muted":false,"flaky":false,"message":"expected [Failed] but found [Successful]","trace":"java.lang.AssertionError: expected [Failed] but found [Successful]\n\tat org.testng.Assert.fail(Assert.java:111)\n\tat org.testng.Assert.failNotEquals(Assert.java:1578)\n\tat org.testng.Assert.assertEqualsImpl(Assert.java:150)\n\tat org.testng.Assert.assertEquals(Assert.java:132)\n\tat org.testng.Assert.assertEquals(Assert.java:656)\n\tat org.testng.Assert.assertEquals(Assert.java:666)\n\tat com.PageObjects.POM_UserEditPage.checkHeaderMsg(POM_UserEditPage.java:301)\n\tat com.StepDefinitions.UserEdit_StepDefination.admin_should_get_message(UserEdit_StepDefination.java:80)\n\tat ✽.Admin should get \"Failed\" message(file:///Users/amreennaziasyed/git/Team12_XpathWarriors_LMS_UI_April202/src/test/resources/Features/15_UserEdit.feature:103)\n"},"stage":"finished","steps":[],"attachments":[],"parameters":[],"start":1714669259472,"stop":1714669259674}],"attachments":[],"parameters":[{"name":"field_name","value":"middleName"}],"start":1714669251393,"stop":1714669260123}