{"uuid":"3368e614-cf9e-4d4f-a781-a3eb33685611","historyId":"12245b1666481bf84300838d3821aa93","fullName":"src/test/resources/Features/15_UserEdit.feature:60","labels":[{"name":"host","value":"Amreens-MacBook-Pro.local"},{"name":"thread","value":"82563@Amreens-MacBook-Pro.local.main(1)"},{"name":"feature","value":"Edit new user"},{"name":"story","value":"Check if the fields are updated with invalid values"},{"name":"suite","value":"Edit new user"},{"name":"testClass","value":"Check if the fields are updated with invalid values"},{"name":"framework","value":"cucumber4jvm"},{"name":"language","value":"java"},{"name":"gherkin_uri","value":"file:///Users/amreennaziasyed/git/Team12_XpathWarriors_LMS_UI_April202/src/test/resources/Features/15_UserEdit.feature"},{"name":"package","value":"src.test.resources.Features.15_UserEdit_feature.Edit new user"}],"links":[],"name":"Check if the fields are updated with invalid values","status":"failed","statusDetails":{"known":false,"muted":false,"flaky":false,"message":"expected [Failed] but found [Successful]","trace":"java.lang.AssertionError: expected [Failed] but found [Successful]\n\tat org.testng.Assert.fail(Assert.java:111)\n\tat org.testng.Assert.failNotEquals(Assert.java:1578)\n\tat org.testng.Assert.assertEqualsImpl(Assert.java:150)\n\tat org.testng.Assert.assertEquals(Assert.java:132)\n\tat org.testng.Assert.assertEquals(Assert.java:656)\n\tat org.testng.Assert.assertEquals(Assert.java:666)\n\tat com.PageObjects.POM_UserEditPage.checkHeaderMsg(POM_UserEditPage.java:301)\n\tat com.StepDefinitions.UserEdit_StepDefination.admin_should_get_message(UserEdit_StepDefination.java:80)\n\tat ✽.Admin should get \"Failed\" message(file:///Users/amreennaziasyed/git/Team12_XpathWarriors_LMS_UI_April202/src/test/resources/Features/15_UserEdit.feature:46)\n"},"stage":"finished","steps":[{"name":"Given  Admin is in login page","status":"passed","statusDetails":{"known":false,"muted":false,"flaky":false},"stage":"finished","steps":[],"attachments":[],"parameters":[],"start":1714669564377,"stop":1714669564380},{"name":"When  Admin enter valid credentials  and clicks login button","status":"passed","statusDetails":{"known":false,"muted":false,"flaky":false},"stage":"finished","steps":[],"attachments":[],"parameters":[],"start":1714669564380,"stop":1714669564671},{"name":"Then  Admin should land on dashboard page","status":"passed","statusDetails":{"known":false,"muted":false,"flaky":false},"stage":"finished","steps":[],"attachments":[],"parameters":[],"start":1714669564671,"stop":1714669565215},{"name":"Then  Admin clicks User on the navigation bar","status":"passed","statusDetails":{"known":false,"muted":false,"flaky":false},"stage":"finished","steps":[],"attachments":[],"parameters":[],"start":1714669565216,"stop":1714669565359},{"name":"Given  Admin is on the User details pop up","status":"passed","statusDetails":{"known":false,"muted":false,"flaky":false},"stage":"finished","steps":[],"attachments":[],"parameters":[],"start":1714669565360,"stop":1714669566597},{"name":"When  Update the field \"userRoleStatus\" with invalid values and click submit","status":"passed","statusDetails":{"known":false,"muted":false,"flaky":false},"stage":"finished","steps":[],"attachments":[],"parameters":[],"start":1714669566598,"stop":1714669567002},{"name":"Then  Admin should get \"Failed\" message","status":"failed","statusDetails":{"known":false,"muted":false,"flaky":false,"message":"expected [Failed] but found [Successful]","trace":"java.lang.AssertionError: expected [Failed] but found [Successful]\n\tat org.testng.Assert.fail(Assert.java:111)\n\tat org.testng.Assert.failNotEquals(Assert.java:1578)\n\tat org.testng.Assert.assertEqualsImpl(Assert.java:150)\n\tat org.testng.Assert.assertEquals(Assert.java:132)\n\tat org.testng.Assert.assertEquals(Assert.java:656)\n\tat org.testng.Assert.assertEquals(Assert.java:666)\n\tat com.PageObjects.POM_UserEditPage.checkHeaderMsg(POM_UserEditPage.java:301)\n\tat com.StepDefinitions.UserEdit_StepDefination.admin_should_get_message(UserEdit_StepDefination.java:80)\n\tat ✽.Admin should get \"Failed\" message(file:///Users/amreennaziasyed/git/Team12_XpathWarriors_LMS_UI_April202/src/test/resources/Features/15_UserEdit.feature:46)\n"},"stage":"finished","steps":[],"attachments":[],"parameters":[],"start":1714669567002,"stop":1714669567548}],"attachments":[],"parameters":[{"name":"field_name","value":"userRoleStatus"}],"start":1714669563195,"stop":1714669567736}