{"uuid":"e984dc66-3ffd-445e-9215-1a6ca5f26fef","historyId":"b6dbd69d0c9c0c45571c1aeebec2aa8f","fullName":"src/test/resources/Features/15_UserEdit.feature:73","labels":[{"name":"host","value":"Amreens-MacBook-Pro.local"},{"name":"thread","value":"82563@Amreens-MacBook-Pro.local.TestNG-PoolService-6(23)"},{"name":"feature","value":"Edit new user"},{"name":"story","value":"Check if the mandatory fields are updated with valid data"},{"name":"suite","value":"Edit new user"},{"name":"testClass","value":"Check if the mandatory fields are updated with valid data"},{"name":"framework","value":"cucumber4jvm"},{"name":"language","value":"java"},{"name":"gherkin_uri","value":"file:///Users/amreennaziasyed/git/Team12_XpathWarriors_LMS_UI_April202/src/test/resources/Features/15_UserEdit.feature"},{"name":"package","value":"src.test.resources.Features.15_UserEdit_feature.Edit new user"}],"links":[],"name":"Check if the mandatory fields are updated with valid data","status":"failed","statusDetails":{"known":false,"muted":false,"flaky":false,"message":"expected [Pavanitest] but found [Pavani]","trace":"java.lang.AssertionError: expected [Pavanitest] but found [Pavani]\n\tat org.testng.Assert.fail(Assert.java:111)\n\tat org.testng.Assert.failNotEquals(Assert.java:1578)\n\tat org.testng.Assert.assertEqualsImpl(Assert.java:150)\n\tat org.testng.Assert.assertEquals(Assert.java:132)\n\tat org.testng.Assert.assertEquals(Assert.java:656)\n\tat org.testng.Assert.assertEquals(Assert.java:666)\n\tat com.PageObjects.POM_UserEditPage.verifyModifiedValue(POM_UserEditPage.java:313)\n\tat com.StepDefinitions.UserEdit_StepDefination.verify_the_updated_value_for_field_in_edit_page(UserEdit_StepDefination.java:68)\n\tat ✽.verify the updated value for field \"firstName\" in edit page(file:///Users/amreennaziasyed/git/Team12_XpathWarriors_LMS_UI_April202/src/test/resources/Features/15_UserEdit.feature:70)\n"},"stage":"finished","steps":[{"name":"Given  Admin is in login page","status":"passed","statusDetails":{"known":false,"muted":false,"flaky":false},"stage":"finished","steps":[],"attachments":[],"parameters":[],"start":1714669240785,"stop":1714669240810},{"name":"When  Admin enter valid credentials  and clicks login button","status":"passed","statusDetails":{"known":false,"muted":false,"flaky":false},"stage":"finished","steps":[],"attachments":[],"parameters":[],"start":1714669240812,"stop":1714669241686},{"name":"Then  Admin should land on dashboard page","status":"passed","statusDetails":{"known":false,"muted":false,"flaky":false},"stage":"finished","steps":[],"attachments":[],"parameters":[],"start":1714669241686,"stop":1714669242338},{"name":"Then  Admin clicks User on the navigation bar","status":"passed","statusDetails":{"known":false,"muted":false,"flaky":false},"stage":"finished","steps":[],"attachments":[],"parameters":[],"start":1714669242338,"stop":1714669242741},{"name":"Given  Admin is on the User details pop up","status":"passed","statusDetails":{"known":false,"muted":false,"flaky":false},"stage":"finished","steps":[],"attachments":[],"parameters":[],"start":1714669242749,"stop":1714669245125},{"name":"When  Update the mandatory fields \"firstName\" with valid values and click submit","status":"passed","statusDetails":{"known":false,"muted":false,"flaky":false},"stage":"finished","steps":[],"attachments":[],"parameters":[],"start":1714669245125,"stop":1714669246524},{"name":"Then  Admin gets message \"User Updated Successfully\"","status":"passed","statusDetails":{"known":false,"muted":false,"flaky":false},"stage":"finished","steps":[],"attachments":[],"parameters":[],"start":1714669246524,"stop":1714669247055},{"name":"Then  verify the updated value for field \"firstName\" in edit page","status":"failed","statusDetails":{"known":false,"muted":false,"flaky":false,"message":"expected [Pavanitest] but found [Pavani]","trace":"java.lang.AssertionError: expected [Pavanitest] but found [Pavani]\n\tat org.testng.Assert.fail(Assert.java:111)\n\tat org.testng.Assert.failNotEquals(Assert.java:1578)\n\tat org.testng.Assert.assertEqualsImpl(Assert.java:150)\n\tat org.testng.Assert.assertEquals(Assert.java:132)\n\tat org.testng.Assert.assertEquals(Assert.java:656)\n\tat org.testng.Assert.assertEquals(Assert.java:666)\n\tat com.PageObjects.POM_UserEditPage.verifyModifiedValue(POM_UserEditPage.java:313)\n\tat com.StepDefinitions.UserEdit_StepDefination.verify_the_updated_value_for_field_in_edit_page(UserEdit_StepDefination.java:68)\n\tat ✽.verify the updated value for field \"firstName\" in edit page(file:///Users/amreennaziasyed/git/Team12_XpathWarriors_LMS_UI_April202/src/test/resources/Features/15_UserEdit.feature:70)\n"},"stage":"finished","steps":[],"attachments":[],"parameters":[],"start":1714669247060,"stop":1714669247431}],"attachments":[],"parameters":[{"name":"field_name","value":"firstName"}],"start":1714669238066,"stop":1714669248183}